<?xml version="1.0" encoding="UTF-8"?>
<testng-results ignored="0" total="1" passed="1" failed="0" skipped="0">
  <reporter-output>
  </reporter-output>
  <suite started-at="2023-07-05T11:43:09 IST" name="Default suite" finished-at="2023-07-05T11:43:11 IST" duration-ms="1904">
    <groups>
    </groups>
    <test started-at="2023-07-05T11:43:09 IST" name="Default test" finished-at="2023-07-05T11:43:11 IST" duration-ms="1904">
      <class name="RequestBody.HandlingPayloads">
        <test-method signature="postusingExternalJsonFile()[pri:4, instance:RequestBody.HandlingPayloads@3a44431a]" started-at="2023-07-05T11:43:09 IST" name="postusingExternalJsonFile" finished-at="2023-07-05T11:43:11 IST" duration-ms="1865" status="PASS">
          <reporter-output>
          </reporter-output>
        </test-method> <!-- postusingExternalJsonFile -->
      </class> <!-- RequestBody.HandlingPayloads -->
    </test> <!-- Default test -->
  </suite> <!-- Default suite -->
</testng-results>
